<?xml version="1.0" encoding="UTF-8"?>
<coverage generated="1592141317453" clover="3.2.0">
  <project timestamp="1592141317453" name="All files">
    <metrics statements="21" coveredstatements="15" conditionals="2" coveredconditionals="0" methods="4" coveredmethods="2" elements="27" coveredelements="17" complexity="0" loc="21" ncloc="21" packages="1" files="2" classes="2"/>
    <file name="constants.ts" path="/home/pulkit/Documents/Repos/crownstack/src/helpers/constants.ts">
      <metrics statements="9" coveredstatements="9" conditionals="0" coveredconditionals="0" methods="0" coveredmethods="0"/>
      <line num="48" count="1" type="stmt"/>
      <line num="50" count="1" type="stmt"/>
      <line num="52" count="1" type="stmt"/>
      <line num="53" count="1" type="stmt"/>
      <line num="54" count="1" type="stmt"/>
      <line num="55" count="1" type="stmt"/>
      <line num="56" count="1" type="stmt"/>
      <line num="57" count="1" type="stmt"/>
      <line num="58" count="1" type="stmt"/>
    </file>
    <file name="helpers.ts" path="/home/pulkit/Documents/Repos/crownstack/src/helpers/helpers.ts">
      <metrics statements="12" coveredstatements="6" conditionals="2" coveredconditionals="0" methods="4" coveredmethods="2"/>
      <line num="1" count="1" type="stmt"/>
      <line num="2" count="1" type="stmt"/>
      <line num="3" count="1" type="stmt"/>
      <line num="5" count="1" type="stmt"/>
      <line num="6" count="1" type="stmt"/>
      <line num="7" count="0" type="stmt"/>
      <line num="10" count="1" type="stmt"/>
      <line num="11" count="0" type="stmt"/>
      <line num="12" count="0" type="stmt"/>
      <line num="13" count="0" type="cond" truecount="0" falsecount="2"/>
      <line num="15" count="0" type="stmt"/>
      <line num="16" count="0" type="stmt"/>
    </file>
  </project>
</coverage>
