{"/home/pulkit/Documents/Repos/crownstack/src/helpers/constants.ts": {"path":"/home/pulkit/Documents/Repos/crownstack/src/helpers/constants.ts","statementMap":{"0":{"start":{"line":48,"column":0},"end":{"line":48,"column":28}},"1":{"start":{"line":50,"column":0},"end":{"line":50,"column":32}},"2":{"start":{"line":52,"column":13},"end":{"line":52,"column":37}},"3":{"start":{"line":53,"column":13},"end":{"line":53,"column":39}},"4":{"start":{"line":54,"column":13},"end":{"line":54,"column":44}},"5":{"start":{"line":55,"column":13},"end":{"line":55,"column":50}},"6":{"start":{"line":56,"column":13},"end":{"line":56,"column":150}},"7":{"start":{"line":57,"column":13},"end":{"line":57,"column":23}},"8":{"start":{"line":58,"column":13},"end":{"line":58,"column":25}}},"fnMap":{},"branchMap":{},"s":{"0":1,"1":1,"2":1,"3":1,"4":1,"5":1,"6":1,"7":1,"8":1},"f":{},"b":{}}
,"/home/pulkit/Documents/Repos/crownstack/src/helpers/helpers.ts": {"path":"/home/pulkit/Documents/Repos/crownstack/src/helpers/helpers.ts","statementMap":{"0":{"start":{"line":1,"column":0},"end":{"line":1,"column":28}},"1":{"start":{"line":2,"column":0},"end":{"line":2,"column":44}},"2":{"start":{"line":3,"column":0},"end":{"line":3,"column":31}},"3":{"start":{"line":5,"column":13},"end":{"line":8,"column":null}},"4":{"start":{"line":5,"column":77},"end":{"line":8,"column":null}},"5":{"start":{"line":6,"column":27},"end":{"line":6,"column":60}},"6":{"start":{"line":7,"column":4},"end":{"line":7,"column":26}},"7":{"start":{"line":10,"column":13},"end":{"line":18,"column":null}},"8":{"start":{"line":10,"column":67},"end":{"line":18,"column":null}},"9":{"start":{"line":11,"column":4},"end":{"line":17,"column":null}},"10":{"start":{"line":12,"column":33},"end":{"line":12,"column":50}},"11":{"start":{"line":13,"column":8},"end":{"line":13,"column":52}},"12":{"start":{"line":15,"column":8},"end":{"line":15,"column":37}},"13":{"start":{"line":16,"column":8},"end":{"line":16,"column":54}}},"fnMap":{"0":{"name":"(anonymous_8)","decl":{"start":{"line":5,"column":33},"end":{"line":5,"column":40}},"loc":{"start":{"line":5,"column":77},"end":{"line":8,"column":null}}},"1":{"name":"(anonymous_9)","decl":{"start":{"line":5,"column":77},"end":{"line":5,"column":null}},"loc":{"start":{"line":5,"column":77},"end":{"line":8,"column":1}}},"2":{"name":"(anonymous_10)","decl":{"start":{"line":10,"column":29},"end":{"line":10,"column":36}},"loc":{"start":{"line":10,"column":67},"end":{"line":18,"column":null}}},"3":{"name":"(anonymous_11)","decl":{"start":{"line":10,"column":67},"end":{"line":10,"column":null}},"loc":{"start":{"line":10,"column":67},"end":{"line":18,"column":1}}}},"branchMap":{"0":{"loc":{"start":{"line":13,"column":29},"end":{"line":13,"column":44}},"type":"cond-expr","locations":[{"start":{"line":13,"column":29},"end":{"line":13,"column":44}},{"start":{"line":13,"column":47},"end":{"line":13,"column":51}}]}},"s":{"0":1,"1":1,"2":1,"3":1,"4":1,"5":1,"6":0,"7":1,"8":0,"9":0,"10":0,"11":0,"12":0,"13":0},"f":{"0":1,"1":1,"2":0,"3":0},"b":{"0":[0,0]}}
}
