TN:
SF:src/index.ts
FN:12,(anonymous_8)
FN:20,(anonymous_9)
FN:29,(anonymous_10)
FN:33,(anonymous_11)
FN:36,(anonymous_12)
FN:39,(anonymous_13)
FN:42,(anonymous_14)
FN:45,(anonymous_15)
FN:55,(anonymous_16)
FN:58,(anonymous_17)
FN:62,(anonymous_18)
FN:62,(anonymous_19)
FN:71,(anonymous_20)
FN:74,(anonymous_21)
FN:75,(anonymous_22)
FNF:15
FNH:9
FNDA:2,(anonymous_8)
FNDA:2,(anonymous_9)
FNDA:2,(anonymous_10)
FNDA:2,(anonymous_11)
FNDA:2,(anonymous_12)
FNDA:0,(anonymous_13)
FNDA:0,(anonymous_14)
FNDA:0,(anonymous_15)
FNDA:0,(anonymous_16)
FNDA:0,(anonymous_17)
FNDA:2,(anonymous_18)
FNDA:2,(anonymous_19)
FNDA:0,(anonymous_20)
FNDA:1,(anonymous_21)
FNDA:1,(anonymous_22)
DA:1,1
DA:2,1
DA:3,1
DA:4,1
DA:6,1
DA:7,1
DA:9,1
DA:13,2
DA:14,2
DA:15,2
DA:16,2
DA:17,2
DA:21,2
DA:22,2
DA:23,2
DA:26,2
DA:30,2
DA:34,2
DA:35,2
DA:36,2
DA:37,2
DA:39,2
DA:40,0
DA:42,2
DA:43,0
DA:44,0
DA:45,0
DA:46,0
DA:55,2
DA:56,0
DA:58,2
DA:59,0
DA:62,2
DA:63,2
DA:71,2
DA:75,1
DA:76,1
DA:77,1
DA:82,1
DA:83,1
LF:40
LH:33
BRDA:26,0,0,2
BRDA:26,0,1,0
BRF:2
BRH:1
end_of_record
TN:
SF:src/controllers/auth.ts
FN:7,(anonymous_1)
FN:11,(anonymous_2)
FNF:2
FNH:1
FNDA:2,(anonymous_1)
FNDA:0,(anonymous_2)
DA:2,1
DA:3,1
DA:5,1
DA:8,2
DA:12,0
DA:13,0
DA:14,0
DA:15,0
DA:17,0
DA:18,0
DA:20,0
LF:11
LH:4
BRDA:14,0,0,0
BRDA:14,0,1,0
BRF:2
BRH:0
end_of_record
TN:
SF:src/controllers/cart.ts
FN:10,(anonymous_8)
FN:22,(anonymous_10)
FNF:2
FNH:0
FNDA:0,(anonymous_8)
FNDA:0,(anonymous_10)
DA:2,1
DA:3,1
DA:4,1
DA:6,1
DA:8,1
DA:11,0
DA:12,0
DA:14,0
DA:15,0
DA:17,0
DA:18,0
DA:23,0
DA:32,0
DA:33,0
DA:34,0
DA:35,0
DA:37,0
DA:39,0
DA:40,0
DA:41,0
DA:42,0
DA:43,0
DA:44,0
DA:45,0
DA:46,0
DA:48,0
DA:52,0
DA:53,0
LF:28
LH:5
BRDA:34,0,0,0
BRDA:34,0,1,0
BRDA:39,1,0,0
BRDA:39,1,1,0
BRDA:43,2,0,0
BRDA:43,2,1,0
BRF:6
BRH:0
end_of_record
TN:
SF:src/controllers/inventory.ts
FN:10,(anonymous_8)
FN:15,(anonymous_9)
FN:29,(anonymous_11)
FNF:3
FNH:2
FNDA:2,(anonymous_8)
FNDA:0,(anonymous_9)
FNDA:2,(anonymous_11)
DA:2,1
DA:3,1
DA:6,1
DA:8,1
DA:11,2
DA:12,2
DA:16,0
DA:19,0
DA:21,0
DA:24,0
DA:25,0
DA:30,2
DA:50,2
DA:51,2
DA:52,2
DA:53,1
DA:56,1
DA:63,1
DA:66,0
DA:67,0
LF:20
LH:13
BRDA:52,0,0,1
BRDA:52,0,1,1
BRF:2
BRH:2
end_of_record
TN:
SF:src/controllers/user.ts
FN:13,(anonymous_8)
FN:18,(anonymous_9)
FN:57,(anonymous_11)
FNF:3
FNH:2
FNDA:2,(anonymous_8)
FNDA:3,(anonymous_9)
FNDA:0,(anonymous_11)
DA:2,1
DA:3,1
DA:4,1
DA:5,1
DA:6,1
DA:8,1
DA:9,1
DA:11,1
DA:14,2
DA:15,2
DA:19,3
DA:28,3
DA:29,3
DA:30,3
DA:31,0
DA:34,3
DA:36,3
DA:37,3
DA:45,3
DA:46,3
DA:48,0
DA:52,0
DA:53,0
DA:58,0
DA:67,0
DA:68,0
DA:69,0
DA:70,0
DA:73,0
DA:74,0
DA:80,0
DA:85,0
DA:87,0
DA:88,0
LF:34
LH:19
BRDA:30,0,0,0
BRDA:30,0,1,3
BRDA:36,1,0,3
BRDA:36,1,1,0
BRDA:36,2,0,3
BRDA:36,2,1,3
BRDA:69,3,0,0
BRDA:69,3,1,0
BRF:8
BRH:4
end_of_record
TN:
SF:src/helpers/constants.ts
FNF:0
FNH:0
DA:48,1
DA:50,1
DA:52,1
DA:53,1
DA:54,1
DA:55,1
DA:56,1
DA:57,1
DA:58,1
LF:9
LH:9
BRF:0
BRH:0
end_of_record
TN:
SF:src/helpers/helpers.ts
FN:5,(anonymous_8)
FN:5,(anonymous_9)
FN:10,(anonymous_10)
FN:10,(anonymous_11)
FNF:4
FNH:4
FNDA:1,(anonymous_8)
FNDA:1,(anonymous_9)
FNDA:1,(anonymous_10)
FNDA:1,(anonymous_11)
DA:1,1
DA:2,1
DA:3,1
DA:5,1
DA:6,1
DA:7,1
DA:10,1
DA:11,1
DA:12,1
DA:13,1
DA:15,0
DA:16,0
LF:12
LH:10
BRF:0
BRH:0
end_of_record
TN:
SF:src/models/cart.ts
FNF:0
FNH:0
DA:1,1
DA:8,1
DA:25,1
LF:3
LH:3
BRF:0
BRH:0
end_of_record
TN:
SF:src/models/store.ts
FNF:0
FNH:0
DA:1,1
DA:10,1
DA:30,1
LF:3
LH:3
BRF:0
BRH:0
end_of_record
TN:
SF:src/models/user.ts
FNF:0
FNH:0
DA:1,1
DA:8,1
DA:20,1
LF:3
LH:3
BRF:0
BRH:0
end_of_record
TN:
SF:src/routes/baseRoutes.ts
FN:15,(anonymous_0)
FN:20,(anonymous_1)
FN:21,(anonymous_2)
FNF:3
FNH:2
FNDA:2,(anonymous_0)
FNDA:2,(anonymous_1)
FNDA:0,(anonymous_2)
DA:1,1
DA:2,1
DA:3,1
DA:4,1
DA:5,1
DA:7,1
DA:10,2
DA:11,2
DA:12,2
DA:13,2
DA:16,2
DA:17,2
DA:21,2
DA:22,0
DA:25,2
DA:26,2
DA:28,2
DA:29,2
DA:31,2
DA:32,2
LF:20
LH:19
BRF:0
BRH:0
end_of_record
